[2020-08-03 08:19:55Z INFO HostContext] No proxy settings were found based on environmental variables (http_proxy/https_proxy/HTTP_PROXY/HTTPS_PROXY)
[2020-08-03 08:19:55Z INFO HostContext] Well known directory 'Bin': '/Users/emre.atadil/Desktop/PythonProject/atadil-personal-blog/atadil-personal-blog/actions-runner/bin'
[2020-08-03 08:19:55Z INFO HostContext] Well known directory 'Root': '/Users/emre.atadil/Desktop/PythonProject/atadil-personal-blog/atadil-personal-blog/actions-runner'
[2020-08-03 08:19:55Z INFO HostContext] Well known config file 'Credentials': '/Users/emre.atadil/Desktop/PythonProject/atadil-personal-blog/atadil-personal-blog/actions-runner/.credentials'
[2020-08-03 08:19:55Z INFO Listener] Runner is built for OSX (X64) - osx-x64.
[2020-08-03 08:19:55Z INFO Listener] RuntimeInformation: Darwin 19.5.0 Darwin Kernel Version 19.5.0: Tue May 26 20:41:44 PDT 2020; root:xnu-6153.121.2~2/RELEASE_X86_64.
[2020-08-03 08:19:55Z INFO Listener] Version: 2.267.1
[2020-08-03 08:19:55Z INFO Listener] Commit: fd3c9de49d3894943c54c08c92eba9f4e2b43f79
[2020-08-03 08:19:55Z INFO Listener] Culture: 
[2020-08-03 08:19:55Z INFO Listener] UI Culture: 
[2020-08-03 08:19:55Z INFO HostContext] Well known directory 'Bin': '/Users/emre.atadil/Desktop/PythonProject/atadil-personal-blog/atadil-personal-blog/actions-runner/bin'
[2020-08-03 08:19:55Z INFO HostContext] Well known directory 'Root': '/Users/emre.atadil/Desktop/PythonProject/atadil-personal-blog/atadil-personal-blog/actions-runner'
[2020-08-03 08:19:55Z INFO Listener] Validating directory permissions for: '/Users/emre.atadil/Desktop/PythonProject/atadil-personal-blog/atadil-personal-blog/actions-runner'
[2020-08-03 08:19:55Z INFO CommandLineParser] Parse
[2020-08-03 08:19:55Z INFO CommandLineParser] Parsing 5 args
[2020-08-03 08:19:55Z INFO CommandLineParser] parsing argument
[2020-08-03 08:19:55Z INFO CommandLineParser] HasArgs: False
[2020-08-03 08:19:55Z INFO CommandLineParser] Adding Command: configure
[2020-08-03 08:19:55Z INFO CommandLineParser] parsing argument
[2020-08-03 08:19:55Z INFO CommandLineParser] HasArgs: True
[2020-08-03 08:19:55Z INFO CommandLineParser] arg: url
[2020-08-03 08:19:55Z INFO CommandLineParser] parsing argument
[2020-08-03 08:19:55Z INFO CommandLineParser] HasArgs: True
[2020-08-03 08:19:55Z INFO CommandLineParser] Adding option 'url': 'https://github.com/emreatadl/atadil-personal-blog'
[2020-08-03 08:19:55Z INFO CommandLineParser] parsing argument
[2020-08-03 08:19:55Z INFO CommandLineParser] HasArgs: True
[2020-08-03 08:19:55Z INFO CommandLineParser] arg: token
[2020-08-03 08:19:55Z INFO CommandLineParser] parsing argument
[2020-08-03 08:19:55Z INFO CommandLineParser] HasArgs: True
[2020-08-03 08:19:55Z INFO CommandLineParser] Adding option 'token': '***'
[2020-08-03 08:19:55Z INFO Listener] Arguments parsed
[2020-08-03 08:19:55Z INFO Runner] ExecuteCommand
[2020-08-03 08:19:55Z INFO ConfigurationStore] currentAssemblyLocation: /Users/emre.atadil/Desktop/PythonProject/atadil-personal-blog/atadil-personal-blog/actions-runner/bin/Runner.Listener.dll
[2020-08-03 08:19:55Z INFO HostContext] Well known directory 'Bin': '/Users/emre.atadil/Desktop/PythonProject/atadil-personal-blog/atadil-personal-blog/actions-runner/bin'
[2020-08-03 08:19:55Z INFO ConfigurationStore] binPath: /Users/emre.atadil/Desktop/PythonProject/atadil-personal-blog/atadil-personal-blog/actions-runner/bin
[2020-08-03 08:19:55Z INFO HostContext] Well known directory 'Bin': '/Users/emre.atadil/Desktop/PythonProject/atadil-personal-blog/atadil-personal-blog/actions-runner/bin'
[2020-08-03 08:19:55Z INFO HostContext] Well known directory 'Root': '/Users/emre.atadil/Desktop/PythonProject/atadil-personal-blog/atadil-personal-blog/actions-runner'
[2020-08-03 08:19:55Z INFO ConfigurationStore] RootFolder: /Users/emre.atadil/Desktop/PythonProject/atadil-personal-blog/atadil-personal-blog/actions-runner
[2020-08-03 08:19:55Z INFO HostContext] Well known directory 'Bin': '/Users/emre.atadil/Desktop/PythonProject/atadil-personal-blog/atadil-personal-blog/actions-runner/bin'
[2020-08-03 08:19:55Z INFO HostContext] Well known directory 'Root': '/Users/emre.atadil/Desktop/PythonProject/atadil-personal-blog/atadil-personal-blog/actions-runner'
[2020-08-03 08:19:55Z INFO HostContext] Well known config file 'Runner': '/Users/emre.atadil/Desktop/PythonProject/atadil-personal-blog/atadil-personal-blog/actions-runner/.runner'
[2020-08-03 08:19:55Z INFO ConfigurationStore] ConfigFilePath: /Users/emre.atadil/Desktop/PythonProject/atadil-personal-blog/atadil-personal-blog/actions-runner/.runner
[2020-08-03 08:19:55Z INFO HostContext] Well known directory 'Bin': '/Users/emre.atadil/Desktop/PythonProject/atadil-personal-blog/atadil-personal-blog/actions-runner/bin'
[2020-08-03 08:19:55Z INFO HostContext] Well known directory 'Root': '/Users/emre.atadil/Desktop/PythonProject/atadil-personal-blog/atadil-personal-blog/actions-runner'
[2020-08-03 08:19:55Z INFO HostContext] Well known config file 'Credentials': '/Users/emre.atadil/Desktop/PythonProject/atadil-personal-blog/atadil-personal-blog/actions-runner/.credentials'
[2020-08-03 08:19:55Z INFO ConfigurationStore] CredFilePath: /Users/emre.atadil/Desktop/PythonProject/atadil-personal-blog/atadil-personal-blog/actions-runner/.credentials
[2020-08-03 08:19:55Z INFO HostContext] Well known directory 'Bin': '/Users/emre.atadil/Desktop/PythonProject/atadil-personal-blog/atadil-personal-blog/actions-runner/bin'
[2020-08-03 08:19:55Z INFO HostContext] Well known directory 'Root': '/Users/emre.atadil/Desktop/PythonProject/atadil-personal-blog/atadil-personal-blog/actions-runner'
[2020-08-03 08:19:55Z INFO HostContext] Well known config file 'MigratedCredentials': '/Users/emre.atadil/Desktop/PythonProject/atadil-personal-blog/atadil-personal-blog/actions-runner/.credentials_migrated'
[2020-08-03 08:19:55Z INFO ConfigurationStore] MigratedCredFilePath: /Users/emre.atadil/Desktop/PythonProject/atadil-personal-blog/atadil-personal-blog/actions-runner/.credentials_migrated
[2020-08-03 08:19:55Z INFO HostContext] Well known directory 'Bin': '/Users/emre.atadil/Desktop/PythonProject/atadil-personal-blog/atadil-personal-blog/actions-runner/bin'
[2020-08-03 08:19:55Z INFO HostContext] Well known directory 'Root': '/Users/emre.atadil/Desktop/PythonProject/atadil-personal-blog/atadil-personal-blog/actions-runner'
[2020-08-03 08:19:55Z INFO HostContext] Well known config file 'Service': '/Users/emre.atadil/Desktop/PythonProject/atadil-personal-blog/atadil-personal-blog/actions-runner/.service'
[2020-08-03 08:19:55Z INFO ConfigurationStore] ServiceConfigFilePath: /Users/emre.atadil/Desktop/PythonProject/atadil-personal-blog/atadil-personal-blog/actions-runner/.service
[2020-08-03 08:19:55Z INFO CommandSettings] Flag 'help': 'False'
[2020-08-03 08:19:55Z INFO CommandSettings] Flag 'version': 'False'
[2020-08-03 08:19:55Z INFO CommandSettings] Flag 'commit': 'False'
[2020-08-03 08:19:55Z INFO CommandSettings] Command 'configure': 'True'
[2020-08-03 08:19:55Z INFO Terminal] WRITE LINE: 
[2020-08-03 08:19:55Z INFO Terminal] WRITE LINE: --------------------------------------------------------------------------------
[2020-08-03 08:19:55Z INFO Terminal] WRITE LINE: |        ____ _ _   _   _       _          _        _   _                      |
[2020-08-03 08:19:55Z INFO Terminal] WRITE LINE: |       / ___(_) |_| | | |_   _| |__      / \   ___| |_(_) ___  _ __  ___      |
[2020-08-03 08:19:55Z INFO Terminal] WRITE LINE: |      | |  _| | __| |_| | | | | '_ \    / _ \ / __| __| |/ _ \| '_ \/ __|     |
[2020-08-03 08:19:55Z INFO Terminal] WRITE LINE: |      | |_| | | |_|  _  | |_| | |_) |  / ___ \ (__| |_| | (_) | | | \__ \     |
[2020-08-03 08:19:55Z INFO Terminal] WRITE LINE: |       \____|_|\__|_| |_|\__,_|_.__/  /_/   \_\___|\__|_|\___/|_| |_|___/     |
[2020-08-03 08:19:55Z INFO Terminal] WRITE LINE: |                                                                              |
[2020-08-03 08:19:55Z INFO Terminal] WRITE: |                       
[2020-08-03 08:19:55Z INFO Terminal] WRITE: Self-hosted runner registration
[2020-08-03 08:19:55Z INFO Terminal] WRITE LINE:                         |
[2020-08-03 08:19:55Z INFO Terminal] WRITE LINE: |                                                                              |
[2020-08-03 08:19:55Z INFO Terminal] WRITE LINE: --------------------------------------------------------------------------------
[2020-08-03 08:19:55Z INFO ConfigurationManager] ConfigureAsync
[2020-08-03 08:19:55Z INFO ConfigurationStore] IsConfigured()
[2020-08-03 08:19:55Z INFO ConfigurationStore] IsConfigured: False
[2020-08-03 08:19:55Z INFO ConfigurationManager] Is configured: False
[2020-08-03 08:19:55Z INFO CommandSettings] Arg 'url': 'https://github.com/emreatadl/atadil-personal-blog'
[2020-08-03 08:19:55Z INFO CommandSettings] Remove url from Arg dictionary.
[2020-08-03 08:19:55Z INFO CommandSettings] Arg 'token': '***'
[2020-08-03 08:19:55Z INFO CommandSettings] Remove token from Arg dictionary.
[2020-08-03 08:20:00Z INFO ConfigurationManager] Http response code: OK from 'POST https://api.github.com/actions/runner-registration'
[2020-08-03 08:20:01Z INFO ConfigurationManager] cred retrieved via GitHub auth
[2020-08-03 08:20:01Z INFO RunnerServer] Establish connection with 100 seconds timeout.
[2020-08-03 08:20:01Z INFO GitHubActionsService] Starting operation Location.GetConnectionData
[2020-08-03 08:20:01Z INFO RunnerServer] Establish connection with 60 seconds timeout.
[2020-08-03 08:20:01Z INFO GitHubActionsService] Starting operation Location.GetConnectionData
[2020-08-03 08:20:01Z INFO RunnerServer] Establish connection with 60 seconds timeout.
[2020-08-03 08:20:01Z INFO GitHubActionsService] Starting operation Location.GetConnectionData
[2020-08-03 08:20:03Z INFO GitHubActionsService] Finished operation Location.GetConnectionData
[2020-08-03 08:20:03Z INFO GitHubActionsService] Finished operation Location.GetConnectionData
[2020-08-03 08:20:03Z INFO GitHubActionsService] Finished operation Location.GetConnectionData
[2020-08-03 08:20:03Z INFO Terminal] WRITE LINE: 
[2020-08-03 08:20:03Z INFO ConfigurationManager] Test Connection complete.
[2020-08-03 08:20:03Z INFO HostContext] Well known directory 'Bin': '/Users/emre.atadil/Desktop/PythonProject/atadil-personal-blog/atadil-personal-blog/actions-runner/bin'
[2020-08-03 08:20:03Z INFO HostContext] Well known directory 'Root': '/Users/emre.atadil/Desktop/PythonProject/atadil-personal-blog/atadil-personal-blog/actions-runner'
[2020-08-03 08:20:03Z INFO HostContext] Well known config file 'RSACredentials': '/Users/emre.atadil/Desktop/PythonProject/atadil-personal-blog/atadil-personal-blog/actions-runner/.credentials_rsaparams'
[2020-08-03 08:20:04Z INFO RSAFileKeyManager] Creating new RSA key using 2048-bit key length
[2020-08-03 08:20:05Z INFO RSAFileKeyManager] Successfully saved RSA key parameters to file /Users/emre.atadil/Desktop/PythonProject/atadil-personal-blog/atadil-personal-blog/actions-runner/.credentials_rsaparams
[2020-08-03 08:20:05Z INFO RSAFileKeyManager] Which: 'chmod'
[2020-08-03 08:20:05Z INFO RSAFileKeyManager] Location: '/bin/chmod'
[2020-08-03 08:20:05Z INFO HostContext] Well known directory 'Bin': '/Users/emre.atadil/Desktop/PythonProject/atadil-personal-blog/atadil-personal-blog/actions-runner/bin'
[2020-08-03 08:20:05Z INFO HostContext] Well known directory 'Root': '/Users/emre.atadil/Desktop/PythonProject/atadil-personal-blog/atadil-personal-blog/actions-runner'
[2020-08-03 08:20:05Z INFO ProcessInvokerWrapper] Starting process:
[2020-08-03 08:20:05Z INFO ProcessInvokerWrapper]   File name: '/bin/chmod'
[2020-08-03 08:20:05Z INFO ProcessInvokerWrapper]   Arguments: '600 /Users/emre.atadil/Desktop/PythonProject/atadil-personal-blog/atadil-personal-blog/actions-runner/.credentials_rsaparams'
[2020-08-03 08:20:05Z INFO ProcessInvokerWrapper]   Working directory: '/Users/emre.atadil/Desktop/PythonProject/atadil-personal-blog/atadil-personal-blog/actions-runner'
[2020-08-03 08:20:05Z INFO ProcessInvokerWrapper]   Require exit code zero: 'False'
[2020-08-03 08:20:05Z INFO ProcessInvokerWrapper]   Encoding web name:  ; code page: ''
[2020-08-03 08:20:05Z INFO ProcessInvokerWrapper]   Force kill process on cancellation: 'False'
[2020-08-03 08:20:05Z INFO ProcessInvokerWrapper]   Redirected STDIN: 'False'
[2020-08-03 08:20:05Z INFO ProcessInvokerWrapper]   Persist current code page: 'False'
[2020-08-03 08:20:05Z INFO ProcessInvokerWrapper]   Keep redirected STDIN open: 'False'
[2020-08-03 08:20:05Z INFO ProcessInvokerWrapper]   High priority process: 'False'
[2020-08-03 08:20:05Z INFO ProcessInvokerWrapper] STDOUT/STDERR stream read finished.
[2020-08-03 08:20:05Z INFO ProcessInvokerWrapper] STDOUT/STDERR stream read finished.
[2020-08-03 08:20:05Z INFO ProcessInvokerWrapper] Process started with process id 6963, waiting for process exit.
[2020-08-03 08:20:05Z INFO ProcessInvokerWrapper] Finished process 6963 with exit code 0, and elapsed time 00:00:00.0250385.
[2020-08-03 08:20:05Z INFO RSAFileKeyManager] Successfully set permissions for RSA key parameters file /Users/emre.atadil/Desktop/PythonProject/atadil-personal-blog/atadil-personal-blog/actions-runner/.credentials_rsaparams
[2020-08-03 08:20:05Z INFO ConfigurationManager] Found a private pool with id {1} and name {2} 1, Default
[2020-08-03 08:20:05Z INFO CommandSettings] Arg 'name': ''
[2020-08-03 08:20:05Z INFO CommandSettings] Flag 'unattended': 'False'
[2020-08-03 08:20:05Z INFO PromptManager] ReadValue
[2020-08-03 08:20:05Z INFO Terminal] WRITE: Enter the name of runner: 
[2020-08-03 08:20:05Z INFO Terminal] WRITE: [press Enter for C02YJ2S7JHD3] 
[2020-08-03 08:20:05Z INFO Terminal] READ LINE
[2020-08-03 08:20:17Z INFO Terminal] Read value: 'atadil-personal-blog'
[2020-08-03 08:20:17Z INFO Terminal] WRITE LINE: 
[2020-08-03 08:20:17Z INFO CommandSettings] Arg 'labels': ''
[2020-08-03 08:20:17Z INFO CommandSettings] Flag 'unattended': 'False'
[2020-08-03 08:20:17Z INFO PromptManager] ReadValue
[2020-08-03 08:20:17Z INFO Terminal] WRITE: This runner will have the following labels: 'self-hosted', 'macOS', 'X64' 
Enter any additional labels (ex. label-1,label-2): 
[2020-08-03 08:20:17Z INFO Terminal] WRITE: [press Enter to skip] 
[2020-08-03 08:20:17Z INFO Terminal] READ LINE
[2020-08-03 08:20:30Z INFO Terminal] Read value: ''
[2020-08-03 08:20:30Z INFO Terminal] WRITE LINE: 
[2020-08-03 08:20:30Z INFO ConfigurationStore] Saving OAuth credential @ /Users/emre.atadil/Desktop/PythonProject/atadil-personal-blog/atadil-personal-blog/actions-runner/.credentials
[2020-08-03 08:20:30Z INFO ConfigurationStore] Credentials Saved.
[2020-08-03 08:20:30Z INFO ConfigurationStore] HasCredentials()
[2020-08-03 08:20:30Z INFO ConfigurationStore] stored True
[2020-08-03 08:20:30Z INFO CredentialManager] GetCredentialProvider
[2020-08-03 08:20:30Z INFO CredentialManager] Creating type OAuth
[2020-08-03 08:20:30Z INFO CredentialManager] Creating credential type: OAuth
[2020-08-03 08:20:30Z INFO RSAFileKeyManager] Loading RSA key parameters from file /Users/emre.atadil/Desktop/PythonProject/atadil-personal-blog/atadil-personal-blog/actions-runner/.credentials_rsaparams
[2020-08-03 08:20:30Z INFO RunnerServer] Establish connection with 100 seconds timeout.
[2020-08-03 08:20:30Z INFO GitHubActionsService] Starting operation Location.GetConnectionData
[2020-08-03 08:20:30Z INFO RunnerServer] Establish connection with 60 seconds timeout.
[2020-08-03 08:20:30Z INFO GitHubActionsService] Starting operation Location.GetConnectionData
[2020-08-03 08:20:30Z INFO RunnerServer] Establish connection with 60 seconds timeout.
[2020-08-03 08:20:30Z INFO GitHubActionsService] Starting operation Location.GetConnectionData
[2020-08-03 08:20:31Z INFO GitHubActionsService] Finished operation Location.GetConnectionData
[2020-08-03 08:20:31Z INFO GitHubActionsService] Finished operation Location.GetConnectionData
[2020-08-03 08:20:31Z INFO GitHubActionsService] Finished operation Location.GetConnectionData
[2020-08-03 08:20:31Z WARN GitHubActionsService] Authentication failed with status code 401.
WWW-Authenticate: Bearer
Strict-Transport-Security: max-age=2592000
X-TFS-ProcessId: 333e16f7-61cf-42bc-be0c-d8481bc62fa0
ActivityId: e7a61c09-d2c7-4544-8f8b-d2b3fbdd36b8
X-TFS-Session: a47b3237-180d-4d09-9654-c8adbf6a181b
X-VSS-E2EID: 734cf961-a3e1-4c4e-9ba0-94bcef404e5e
X-VSS-SenderDeploymentId: 13a19993-c6bc-326c-afb4-32c5519f46f0
X-TFS-ServiceError: The+user+%27System%3aPublicAccess%3baaaaaaaa-aaaa-aaaa-aaaa-aaaaaaaaaaaa%27+is+not+authorized+to+access+this+resource.
X-VSS-S2STargetService: 0000005A-0000-8888-8000-000000000000/visualstudio.com
X-MSEdge-Ref: Ref A: 79AD5D8C27E64A9A87E7E98271E64387 Ref B: FRAEDGE1413 Ref C: 2020-08-03T08:20:31Z
Date: Mon, 03 Aug 2020 08:20:30 GMT

[2020-08-03 08:20:31Z INFO RSAFileKeyManager] Loading RSA key parameters from file /Users/emre.atadil/Desktop/PythonProject/atadil-personal-blog/atadil-personal-blog/actions-runner/.credentials_rsaparams
[2020-08-03 08:20:31Z INFO RSAFileKeyManager] Loading RSA key parameters from file /Users/emre.atadil/Desktop/PythonProject/atadil-personal-blog/atadil-personal-blog/actions-runner/.credentials_rsaparams
[2020-08-03 08:20:32Z INFO GitHubActionsService] AAD Correlation ID for this token request: Unknown
[2020-08-03 08:20:32Z INFO CommandSettings] Arg 'work': ''
[2020-08-03 08:20:32Z INFO CommandSettings] Flag 'unattended': 'False'
[2020-08-03 08:20:32Z INFO PromptManager] ReadValue
[2020-08-03 08:20:32Z INFO Terminal] WRITE: Enter name of work folder: 
[2020-08-03 08:20:32Z INFO Terminal] WRITE: [press Enter for _work] 
[2020-08-03 08:20:32Z INFO Terminal] READ LINE
[2020-08-03 08:20:34Z INFO Terminal] Read value: ''
[2020-08-03 08:20:34Z INFO PromptManager] Falling back to the default: '_work'
[2020-08-03 08:20:34Z INFO ConfigurationStore] Saving runner settings.
[2020-08-03 08:20:34Z INFO ConfigurationStore] Settings Saved.
[2020-08-03 08:20:34Z INFO Terminal] WRITE LINE: 
[2020-08-03 08:20:34Z INFO Terminal] WRITE LINE: 
[2020-08-03 08:20:34Z INFO OsxServiceControlManager] Service name 'actions.runner.emreatadl-atadil-personal-blog.atadil-personal-blog' display name 'GitHub Actions Runner (emreatadl-atadil-personal-blog.atadil-personal-blog)' will be used for service configuration.
[2020-08-03 08:20:34Z INFO HostContext] Well known directory 'Bin': '/Users/emre.atadil/Desktop/PythonProject/atadil-personal-blog/atadil-personal-blog/actions-runner/bin'
[2020-08-03 08:20:34Z INFO HostContext] Well known directory 'Root': '/Users/emre.atadil/Desktop/PythonProject/atadil-personal-blog/atadil-personal-blog/actions-runner'
[2020-08-03 08:20:34Z INFO HostContext] Well known directory 'Bin': '/Users/emre.atadil/Desktop/PythonProject/atadil-personal-blog/atadil-personal-blog/actions-runner/bin'
[2020-08-03 08:20:34Z INFO HostContext] Well known directory 'Bin': '/Users/emre.atadil/Desktop/PythonProject/atadil-personal-blog/atadil-personal-blog/actions-runner/bin'
[2020-08-03 08:20:34Z INFO HostContext] Well known directory 'Root': '/Users/emre.atadil/Desktop/PythonProject/atadil-personal-blog/atadil-personal-blog/actions-runner'
[2020-08-03 08:20:34Z INFO UnixUtil] Which: 'chmod'
[2020-08-03 08:20:34Z INFO UnixUtil] Location: '/bin/chmod'
[2020-08-03 08:20:34Z INFO UnixUtil] Running /bin/chmod 755 "/Users/emre.atadil/Desktop/PythonProject/atadil-personal-blog/atadil-personal-blog/actions-runner/svc.sh"
[2020-08-03 08:20:34Z INFO ProcessInvokerWrapper] Starting process:
[2020-08-03 08:20:34Z INFO ProcessInvokerWrapper]   File name: '/bin/chmod'
[2020-08-03 08:20:34Z INFO ProcessInvokerWrapper]   Arguments: '755 "/Users/emre.atadil/Desktop/PythonProject/atadil-personal-blog/atadil-personal-blog/actions-runner/svc.sh"'
[2020-08-03 08:20:34Z INFO ProcessInvokerWrapper]   Working directory: '/Users/emre.atadil/Desktop/PythonProject/atadil-personal-blog/atadil-personal-blog/actions-runner'
[2020-08-03 08:20:34Z INFO ProcessInvokerWrapper]   Require exit code zero: 'True'
[2020-08-03 08:20:34Z INFO ProcessInvokerWrapper]   Encoding web name:  ; code page: ''
[2020-08-03 08:20:34Z INFO ProcessInvokerWrapper]   Force kill process on cancellation: 'False'
[2020-08-03 08:20:34Z INFO ProcessInvokerWrapper]   Redirected STDIN: 'False'
[2020-08-03 08:20:34Z INFO ProcessInvokerWrapper]   Persist current code page: 'False'
[2020-08-03 08:20:34Z INFO ProcessInvokerWrapper]   Keep redirected STDIN open: 'False'
[2020-08-03 08:20:34Z INFO ProcessInvokerWrapper]   High priority process: 'False'
[2020-08-03 08:20:34Z INFO ProcessInvokerWrapper] Process started with process id 7105, waiting for process exit.
[2020-08-03 08:20:34Z INFO ProcessInvokerWrapper] STDOUT/STDERR stream read finished.
[2020-08-03 08:20:34Z INFO ProcessInvokerWrapper] STDOUT/STDERR stream read finished.
[2020-08-03 08:20:34Z INFO ProcessInvokerWrapper] Finished process 7105 with exit code 0, and elapsed time 00:00:00.0061334.
[2020-08-03 08:20:34Z INFO Listener] Runner execution has finished with return code 0
