[2020-08-03 08:20:41Z INFO HostContext] No proxy settings were found based on environmental variables (http_proxy/https_proxy/HTTP_PROXY/HTTPS_PROXY)
[2020-08-03 08:20:41Z INFO HostContext] Well known directory 'Bin': '/Users/emre.atadil/Desktop/PythonProject/atadil-personal-blog/atadil-personal-blog/actions-runner/bin'
[2020-08-03 08:20:41Z INFO HostContext] Well known directory 'Root': '/Users/emre.atadil/Desktop/PythonProject/atadil-personal-blog/atadil-personal-blog/actions-runner'
[2020-08-03 08:20:41Z INFO HostContext] Well known config file 'Credentials': '/Users/emre.atadil/Desktop/PythonProject/atadil-personal-blog/atadil-personal-blog/actions-runner/.credentials'
[2020-08-03 08:20:41Z INFO Listener] Runner is built for OSX (X64) - osx-x64.
[2020-08-03 08:20:41Z INFO Listener] RuntimeInformation: Darwin 19.5.0 Darwin Kernel Version 19.5.0: Tue May 26 20:41:44 PDT 2020; root:xnu-6153.121.2~2/RELEASE_X86_64.
[2020-08-03 08:20:41Z INFO Listener] Version: 2.267.1
[2020-08-03 08:20:41Z INFO Listener] Commit: fd3c9de49d3894943c54c08c92eba9f4e2b43f79
[2020-08-03 08:20:41Z INFO Listener] Culture: 
[2020-08-03 08:20:41Z INFO Listener] UI Culture: 
[2020-08-03 08:20:41Z INFO HostContext] Well known directory 'Bin': '/Users/emre.atadil/Desktop/PythonProject/atadil-personal-blog/atadil-personal-blog/actions-runner/bin'
[2020-08-03 08:20:41Z INFO HostContext] Well known directory 'Root': '/Users/emre.atadil/Desktop/PythonProject/atadil-personal-blog/atadil-personal-blog/actions-runner'
[2020-08-03 08:20:41Z INFO Listener] Validating directory permissions for: '/Users/emre.atadil/Desktop/PythonProject/atadil-personal-blog/atadil-personal-blog/actions-runner'
[2020-08-03 08:20:41Z INFO CommandLineParser] Parse
[2020-08-03 08:20:41Z INFO CommandLineParser] Parsing 1 args
[2020-08-03 08:20:41Z INFO CommandLineParser] parsing argument
[2020-08-03 08:20:41Z INFO CommandLineParser] HasArgs: False
[2020-08-03 08:20:41Z INFO CommandLineParser] Adding Command: run
[2020-08-03 08:20:41Z INFO Listener] Arguments parsed
[2020-08-03 08:20:41Z INFO Runner] ExecuteCommand
[2020-08-03 08:20:41Z INFO ConfigurationStore] currentAssemblyLocation: /Users/emre.atadil/Desktop/PythonProject/atadil-personal-blog/atadil-personal-blog/actions-runner/bin/Runner.Listener.dll
[2020-08-03 08:20:41Z INFO HostContext] Well known directory 'Bin': '/Users/emre.atadil/Desktop/PythonProject/atadil-personal-blog/atadil-personal-blog/actions-runner/bin'
[2020-08-03 08:20:41Z INFO ConfigurationStore] binPath: /Users/emre.atadil/Desktop/PythonProject/atadil-personal-blog/atadil-personal-blog/actions-runner/bin
[2020-08-03 08:20:41Z INFO HostContext] Well known directory 'Bin': '/Users/emre.atadil/Desktop/PythonProject/atadil-personal-blog/atadil-personal-blog/actions-runner/bin'
[2020-08-03 08:20:41Z INFO HostContext] Well known directory 'Root': '/Users/emre.atadil/Desktop/PythonProject/atadil-personal-blog/atadil-personal-blog/actions-runner'
[2020-08-03 08:20:41Z INFO ConfigurationStore] RootFolder: /Users/emre.atadil/Desktop/PythonProject/atadil-personal-blog/atadil-personal-blog/actions-runner
[2020-08-03 08:20:41Z INFO HostContext] Well known directory 'Bin': '/Users/emre.atadil/Desktop/PythonProject/atadil-personal-blog/atadil-personal-blog/actions-runner/bin'
[2020-08-03 08:20:41Z INFO HostContext] Well known directory 'Root': '/Users/emre.atadil/Desktop/PythonProject/atadil-personal-blog/atadil-personal-blog/actions-runner'
[2020-08-03 08:20:41Z INFO HostContext] Well known config file 'Runner': '/Users/emre.atadil/Desktop/PythonProject/atadil-personal-blog/atadil-personal-blog/actions-runner/.runner'
[2020-08-03 08:20:41Z INFO ConfigurationStore] ConfigFilePath: /Users/emre.atadil/Desktop/PythonProject/atadil-personal-blog/atadil-personal-blog/actions-runner/.runner
[2020-08-03 08:20:41Z INFO HostContext] Well known directory 'Bin': '/Users/emre.atadil/Desktop/PythonProject/atadil-personal-blog/atadil-personal-blog/actions-runner/bin'
[2020-08-03 08:20:41Z INFO HostContext] Well known directory 'Root': '/Users/emre.atadil/Desktop/PythonProject/atadil-personal-blog/atadil-personal-blog/actions-runner'
[2020-08-03 08:20:41Z INFO HostContext] Well known config file 'Credentials': '/Users/emre.atadil/Desktop/PythonProject/atadil-personal-blog/atadil-personal-blog/actions-runner/.credentials'
[2020-08-03 08:20:41Z INFO ConfigurationStore] CredFilePath: /Users/emre.atadil/Desktop/PythonProject/atadil-personal-blog/atadil-personal-blog/actions-runner/.credentials
[2020-08-03 08:20:41Z INFO HostContext] Well known directory 'Bin': '/Users/emre.atadil/Desktop/PythonProject/atadil-personal-blog/atadil-personal-blog/actions-runner/bin'
[2020-08-03 08:20:41Z INFO HostContext] Well known directory 'Root': '/Users/emre.atadil/Desktop/PythonProject/atadil-personal-blog/atadil-personal-blog/actions-runner'
[2020-08-03 08:20:41Z INFO HostContext] Well known config file 'MigratedCredentials': '/Users/emre.atadil/Desktop/PythonProject/atadil-personal-blog/atadil-personal-blog/actions-runner/.credentials_migrated'
[2020-08-03 08:20:41Z INFO ConfigurationStore] MigratedCredFilePath: /Users/emre.atadil/Desktop/PythonProject/atadil-personal-blog/atadil-personal-blog/actions-runner/.credentials_migrated
[2020-08-03 08:20:41Z INFO HostContext] Well known directory 'Bin': '/Users/emre.atadil/Desktop/PythonProject/atadil-personal-blog/atadil-personal-blog/actions-runner/bin'
[2020-08-03 08:20:41Z INFO HostContext] Well known directory 'Root': '/Users/emre.atadil/Desktop/PythonProject/atadil-personal-blog/atadil-personal-blog/actions-runner'
[2020-08-03 08:20:41Z INFO HostContext] Well known config file 'Service': '/Users/emre.atadil/Desktop/PythonProject/atadil-personal-blog/atadil-personal-blog/actions-runner/.service'
[2020-08-03 08:20:41Z INFO ConfigurationStore] ServiceConfigFilePath: /Users/emre.atadil/Desktop/PythonProject/atadil-personal-blog/atadil-personal-blog/actions-runner/.service
[2020-08-03 08:20:41Z INFO CommandSettings] Flag 'help': 'False'
[2020-08-03 08:20:41Z INFO CommandSettings] Flag 'version': 'False'
[2020-08-03 08:20:41Z INFO CommandSettings] Flag 'commit': 'False'
[2020-08-03 08:20:41Z INFO CommandSettings] Command 'configure': 'False'
[2020-08-03 08:20:41Z INFO CommandSettings] Command 'remove': 'False'
[2020-08-03 08:20:41Z INFO CommandSettings] Command 'warmup': 'False'
[2020-08-03 08:20:41Z INFO ConfigurationManager] LoadSettings
[2020-08-03 08:20:41Z INFO ConfigurationStore] IsConfigured()
[2020-08-03 08:20:41Z INFO ConfigurationStore] IsConfigured: True
[2020-08-03 08:20:41Z INFO ConfigurationManager] Is configured: True
[2020-08-03 08:20:41Z INFO ConfigurationStore] Read setting file: 307 chars
[2020-08-03 08:20:41Z INFO ConfigurationManager] Settings Loaded
[2020-08-03 08:20:41Z INFO ConfigurationStore] IsServiceConfigured()
[2020-08-03 08:20:41Z INFO ConfigurationStore] IsServiceConfigured: False
[2020-08-03 08:20:41Z INFO CommandSettings] Command 'run': 'True'
[2020-08-03 08:20:41Z INFO ConfigurationStore] IsConfigured()
[2020-08-03 08:20:41Z INFO ConfigurationStore] IsConfigured: True
[2020-08-03 08:20:41Z INFO ConfigurationManager] Is configured: True
[2020-08-03 08:20:41Z INFO Runner] Could not parse the argument value '' for StartupType. Defaulting to Manual
[2020-08-03 08:20:41Z INFO Runner] Set runner startup type - Manual
[2020-08-03 08:20:41Z INFO CommandSettings] Flag 'once': 'False'
[2020-08-03 08:20:41Z INFO Runner] RunAsync
[2020-08-03 08:20:41Z INFO ConfigurationManager] LoadSettings
[2020-08-03 08:20:41Z INFO ConfigurationStore] IsConfigured()
[2020-08-03 08:20:41Z INFO ConfigurationStore] IsConfigured: True
[2020-08-03 08:20:41Z INFO ConfigurationManager] Is configured: True
[2020-08-03 08:20:41Z INFO ConfigurationManager] Settings Loaded
[2020-08-03 08:20:41Z INFO MessageListener] {
  "AgentId": 2,
  "AgentName": "atadil-personal-blog",
  "PoolId": 1,
  "PoolName": "Default",
  "ServerUrl": "https://pipelines.actions.githubusercontent.com/N9lUC1BsTfQ77i5Bx1k3w3ONgrkHJe1MWvEMQCJPCHAqneK6Rw",
  "GitHubUrl": "https://github.com/emreatadl/atadil-personal-blog",
  "WorkFolder": "_work"
}
[2020-08-03 08:20:41Z INFO MessageListener] Loading Credentials
[2020-08-03 08:20:41Z INFO ConfigurationStore] HasCredentials()
[2020-08-03 08:20:41Z INFO ConfigurationStore] stored True
[2020-08-03 08:20:41Z INFO CredentialManager] GetCredentialProvider
[2020-08-03 08:20:41Z INFO CredentialManager] Creating type OAuth
[2020-08-03 08:20:41Z INFO CredentialManager] Creating credential type: OAuth
[2020-08-03 08:20:41Z INFO HostContext] Well known directory 'Bin': '/Users/emre.atadil/Desktop/PythonProject/atadil-personal-blog/atadil-personal-blog/actions-runner/bin'
[2020-08-03 08:20:41Z INFO HostContext] Well known directory 'Root': '/Users/emre.atadil/Desktop/PythonProject/atadil-personal-blog/atadil-personal-blog/actions-runner'
[2020-08-03 08:20:41Z INFO HostContext] Well known config file 'RSACredentials': '/Users/emre.atadil/Desktop/PythonProject/atadil-personal-blog/atadil-personal-blog/actions-runner/.credentials_rsaparams'
[2020-08-03 08:20:41Z INFO RSAFileKeyManager] Loading RSA key parameters from file /Users/emre.atadil/Desktop/PythonProject/atadil-personal-blog/atadil-personal-blog/actions-runner/.credentials_rsaparams
[2020-08-03 08:20:41Z INFO MessageListener] Attempt to create session.
[2020-08-03 08:20:41Z INFO MessageListener] Connecting to the Runner Server...
[2020-08-03 08:20:41Z INFO RunnerServer] Establish connection with 100 seconds timeout.
[2020-08-03 08:20:41Z INFO GitHubActionsService] Starting operation Location.GetConnectionData
[2020-08-03 08:20:41Z INFO RunnerServer] Establish connection with 60 seconds timeout.
[2020-08-03 08:20:41Z INFO GitHubActionsService] Starting operation Location.GetConnectionData
[2020-08-03 08:20:41Z INFO RunnerServer] Establish connection with 60 seconds timeout.
[2020-08-03 08:20:41Z INFO GitHubActionsService] Starting operation Location.GetConnectionData
[2020-08-03 08:20:42Z INFO GitHubActionsService] Finished operation Location.GetConnectionData
[2020-08-03 08:20:42Z INFO GitHubActionsService] Finished operation Location.GetConnectionData
[2020-08-03 08:20:42Z INFO GitHubActionsService] Finished operation Location.GetConnectionData
[2020-08-03 08:20:42Z INFO MessageListener] VssConnection created
[2020-08-03 08:20:42Z INFO Terminal] WRITE LINE: 
[2020-08-03 08:20:42Z INFO Terminal] WRITE LINE: 
[2020-08-03 08:20:42Z WARN GitHubActionsService] Authentication failed with status code 401.
WWW-Authenticate: Bearer
Strict-Transport-Security: max-age=2592000
X-TFS-ProcessId: 573f4c23-f0f6-4d57-ab7a-45828c0efa0a
ActivityId: eb954e3b-83cf-4851-9d96-7a068a5ba3a4
X-TFS-Session: 2ffc58f5-c435-45cd-a061-6bda33a97d88
X-VSS-E2EID: b41efecc-d061-443e-9cc1-cc24cdefa95e
X-VSS-SenderDeploymentId: 13a19993-c6bc-326c-afb4-32c5519f46f0
X-TFS-ServiceError: The+user+%27System%3aPublicAccess%3baaaaaaaa-aaaa-aaaa-aaaa-aaaaaaaaaaaa%27+is+not+authorized+to+access+this+resource.
X-VSS-S2STargetService: 0000005A-0000-8888-8000-000000000000/visualstudio.com
X-MSEdge-Ref: Ref A: D0A57981D0254283A58C3E42D6DCA54D Ref B: FRAEDGE1506 Ref C: 2020-08-03T08:20:42Z
Date: Mon, 03 Aug 2020 08:20:42 GMT

[2020-08-03 08:20:42Z INFO RSAFileKeyManager] Loading RSA key parameters from file /Users/emre.atadil/Desktop/PythonProject/atadil-personal-blog/atadil-personal-blog/actions-runner/.credentials_rsaparams
[2020-08-03 08:20:42Z INFO RSAFileKeyManager] Loading RSA key parameters from file /Users/emre.atadil/Desktop/PythonProject/atadil-personal-blog/atadil-personal-blog/actions-runner/.credentials_rsaparams
[2020-08-03 08:20:43Z INFO GitHubActionsService] AAD Correlation ID for this token request: Unknown
[2020-08-03 08:20:43Z INFO MessageListener] Session created.
[2020-08-03 08:20:43Z INFO Terminal] WRITE LINE: 2020-08-03 08:20:43Z: Listening for Jobs
[2020-08-03 08:20:43Z INFO JobDispatcher] Set runner/worker IPC timeout to 30 seconds.
[2020-08-03 08:22:57Z INFO Terminal] WRITE LINE: Exiting...
[2020-08-03 08:22:57Z INFO ConfigurationStore] IsServiceConfigured()
[2020-08-03 08:22:57Z INFO ConfigurationStore] IsServiceConfigured: False
[2020-08-03 08:22:57Z INFO HostContext] Runner will be shutdown for UserCancelled
[2020-08-03 08:22:57Z WARN GitHubActionsService] GET request to https://pipelines.actions.githubusercontent.com/N9lUC1BsTfQ77i5Bx1k3w3ONgrkHJe1MWvEMQCJPCHAqneK6Rw/_apis/distributedtask/pools/1/messages?sessionId=69496a9b-58a1-49f2-aa85-dba05ba977af has been cancelled.
[2020-08-03 08:22:57Z INFO MessageListener] Get next message has been cancelled.
[2020-08-03 08:22:57Z INFO JobDispatcher] Shutting down JobDispatcher. Make sure all WorkerDispatcher has finished.
[2020-08-03 08:22:57Z INFO Listener] Runner execution been cancelled.
